<?xml version="1.0" encoding="UTF-8"?>
<testsuite name="org.example.lab12ApplicationTests" tests="1" skipped="0" failures="0" errors="0" timestamp="2024-04-06T09:41:09" hostname="DESKTOP-27KM2S3" time="1.184">
  <properties/>
  <testcase name="contextLoads()" classname="org.example.lab12ApplicationTests" time="1.184"/>
  <system-out><![CDATA[12:41:06.013 [Test worker] DEBUG org.springframework.test.context.BootstrapUtils - Instantiating CacheAwareContextLoaderDelegate from class [org.springframework.test.context.cache.DefaultCacheAwareContextLoaderDelegate]
12:41:06.057 [Test worker] DEBUG org.springframework.test.context.BootstrapUtils - Instantiating BootstrapContext using constructor [public org.springframework.test.context.support.DefaultBootstrapContext(java.lang.Class,org.springframework.test.context.CacheAwareContextLoaderDelegate)]
12:41:06.150 [Test worker] DEBUG org.springframework.test.context.BootstrapUtils - Instantiating TestContextBootstrapper for test class [org.example.lab12ApplicationTests] from class [org.springframework.boot.test.context.SpringBootTestContextBootstrapper]
12:41:06.184 [Test worker] INFO org.springframework.boot.test.context.SpringBootTestContextBootstrapper - Neither @ContextConfiguration nor @ContextHierarchy found for test class [org.example.lab12ApplicationTests], using SpringBootContextLoader
12:41:06.199 [Test worker] DEBUG org.springframework.test.context.support.AbstractContextLoader - Did not detect default resource location for test class [org.example.lab12ApplicationTests]: class path resource [org/example/lab12ApplicationTests-context.xml] does not exist
12:41:06.200 [Test worker] DEBUG org.springframework.test.context.support.AbstractContextLoader - Did not detect default resource location for test class [org.example.lab12ApplicationTests]: class path resource [org/example/lab12ApplicationTestsContext.groovy] does not exist
12:41:06.201 [Test worker] INFO org.springframework.test.context.support.AbstractContextLoader - Could not detect default resource locations for test class [org.example.lab12ApplicationTests]: no resource found for suffixes {-context.xml, Context.groovy}.
12:41:06.203 [Test worker] INFO org.springframework.test.context.support.AnnotationConfigContextLoaderUtils - Could not detect default configuration classes for test class [org.example.lab12ApplicationTests]: lab12ApplicationTests does not declare any static, non-private, non-final, nested classes annotated with @Configuration.
12:41:06.357 [Test worker] DEBUG org.springframework.test.context.support.ActiveProfilesUtils - Could not find an 'annotation declaring class' for annotation type [org.springframework.test.context.ActiveProfiles] and class [org.example.lab12ApplicationTests]
12:41:06.585 [Test worker] DEBUG org.springframework.context.annotation.ClassPathScanningCandidateComponentProvider - Identified candidate component class: file [C:\Users\Asus\IdeaProjects\lab12\build\classes\java\main\org\example\lab12Application.class]
12:41:06.590 [Test worker] INFO org.springframework.boot.test.context.SpringBootTestContextBootstrapper - Found @SpringBootConfiguration org.example.lab12Application for test class org.example.lab12ApplicationTests
12:41:06.914 [Test worker] DEBUG org.springframework.boot.test.context.SpringBootTestContextBootstrapper - @TestExecutionListeners is not present for class [org.example.lab12ApplicationTests]: using defaults.
12:41:06.917 [Test worker] INFO org.springframework.boot.test.context.SpringBootTestContextBootstrapper - Loaded default TestExecutionListener class names from location [META-INF/spring.factories]: [org.springframework.boot.test.autoconfigure.restdocs.RestDocsTestExecutionListener, org.springframework.boot.test.autoconfigure.web.client.MockRestServiceServerResetTestExecutionListener, org.springframework.boot.test.autoconfigure.web.servlet.MockMvcPrintOnlyOnFailureTestExecutionListener, org.springframework.boot.test.autoconfigure.web.servlet.WebDriverTestExecutionListener, org.springframework.boot.test.autoconfigure.webservices.client.MockWebServiceServerTestExecutionListener, org.springframework.boot.test.mock.mockito.MockitoTestExecutionListener, org.springframework.boot.test.mock.mockito.ResetMocksTestExecutionListener, org.springframework.test.context.web.ServletTestExecutionListener, org.springframework.test.context.support.DirtiesContextBeforeModesTestExecutionListener, org.springframework.test.context.event.ApplicationEventsTestExecutionListener, org.springframework.test.context.support.DependencyInjectionTestExecutionListener, org.springframework.test.context.support.DirtiesContextTestExecutionListener, org.springframework.test.context.transaction.TransactionalTestExecutionListener, org.springframework.test.context.jdbc.SqlScriptsTestExecutionListener, org.springframework.test.context.event.EventPublishingTestExecutionListener]
12:41:06.962 [Test worker] DEBUG org.springframework.boot.test.context.SpringBootTestContextBootstrapper - Skipping candidate TestExecutionListener [org.springframework.test.context.web.ServletTestExecutionListener] due to a missing dependency. Specify custom listener classes or make the default listener classes and their required dependencies available. Offending class: [javax/servlet/ServletContext]
12:41:06.967 [Test worker] DEBUG org.springframework.boot.test.context.SpringBootTestContextBootstrapper - Skipping candidate TestExecutionListener [org.springframework.test.context.transaction.TransactionalTestExecutionListener] due to a missing dependency. Specify custom listener classes or make the default listener classes and their required dependencies available. Offending class: [org/springframework/transaction/interceptor/TransactionAttributeSource]
12:41:06.970 [Test worker] DEBUG org.springframework.boot.test.context.SpringBootTestContextBootstrapper - Skipping candidate TestExecutionListener [org.springframework.test.context.jdbc.SqlScriptsTestExecutionListener] due to a missing dependency. Specify custom listener classes or make the default listener classes and their required dependencies available. Offending class: [org/springframework/transaction/interceptor/TransactionAttribute]
12:41:06.971 [Test worker] INFO org.springframework.boot.test.context.SpringBootTestContextBootstrapper - Using TestExecutionListeners: [org.springframework.test.context.support.DirtiesContextBeforeModesTestExecutionListener@2d145798, org.springframework.test.context.event.ApplicationEventsTestExecutionListener@7a26c766, org.springframework.boot.test.mock.mockito.MockitoTestExecutionListener@557ce739, org.springframework.boot.test.autoconfigure.SpringBootDependencyInjectionTestExecutionListener@6205d074, org.springframework.test.context.support.DirtiesContextTestExecutionListener@6d22f33b, org.springframework.test.context.event.EventPublishingTestExecutionListener@2173140e, org.springframework.boot.test.autoconfigure.restdocs.RestDocsTestExecutionListener@13847a36, org.springframework.boot.test.autoconfigure.web.client.MockRestServiceServerResetTestExecutionListener@5fce9e42, org.springframework.boot.test.autoconfigure.web.servlet.MockMvcPrintOnlyOnFailureTestExecutionListener@250f05ab, org.springframework.boot.test.autoconfigure.web.servlet.WebDriverTestExecutionListener@1c65b660, org.springframework.boot.test.autoconfigure.webservices.client.MockWebServiceServerTestExecutionListener@2c803a10, org.springframework.boot.test.mock.mockito.ResetMocksTestExecutionListener@7978d4c]
12:41:06.988 [Test worker] DEBUG org.springframework.test.context.support.AbstractDirtiesContextTestExecutionListener - Before test class: context [DefaultTestContext@7289faa9 testClass = lab12ApplicationTests, testInstance = [null], testMethod = [null], testException = [null], mergedContextConfiguration = [MergedContextConfiguration@b93365c testClass = lab12ApplicationTests, locations = '{}', classes = '{class org.example.lab12Application}', contextInitializerClasses = '[]', activeProfiles = '{}', propertySourceLocations = '{}', propertySourceProperties = '{org.springframework.boot.test.context.SpringBootTestContextBootstrapper=true}', contextCustomizers = set[org.springframework.boot.test.autoconfigure.actuate.metrics.MetricsExportContextCustomizerFactory$DisableMetricExportContextCustomizer@6f61bc7b, org.springframework.boot.test.autoconfigure.properties.PropertyMappingContextCustomizer@0, org.springframework.boot.test.autoconfigure.web.servlet.WebDriverContextCustomizerFactory$Customizer@57e0c14, org.springframework.boot.test.context.filter.ExcludeFilterContextCustomizer@34ec034f, org.springframework.boot.test.json.DuplicateJsonObjectContextCustomizerFactory$DuplicateJsonObjectContextCustomizer@298939e4, org.springframework.boot.test.mock.mockito.MockitoContextCustomizer@0, org.springframework.boot.test.web.client.TestRestTemplateContextCustomizer@32f75dab, org.springframework.boot.test.context.SpringBootTestArgs@1, org.springframework.boot.test.context.SpringBootTestWebEnvironment@3d3be401], contextLoader = 'org.springframework.boot.test.context.SpringBootContextLoader', parent = [null]], attributes = map[[empty]]], class annotated with @DirtiesContext [false] with mode [null].
12:41:07.025 [Test worker] DEBUG org.springframework.test.context.support.DependencyInjectionTestExecutionListener - Performing dependency injection for test context [[DefaultTestContext@7289faa9 testClass = lab12ApplicationTests, testInstance = org.example.lab12ApplicationTests@b87a432, testMethod = [null], testException = [null], mergedContextConfiguration = [MergedContextConfiguration@b93365c testClass = lab12ApplicationTests, locations = '{}', classes = '{class org.example.lab12Application}', contextInitializerClasses = '[]', activeProfiles = '{}', propertySourceLocations = '{}', propertySourceProperties = '{org.springframework.boot.test.context.SpringBootTestContextBootstrapper=true}', contextCustomizers = set[org.springframework.boot.test.autoconfigure.actuate.metrics.MetricsExportContextCustomizerFactory$DisableMetricExportContextCustomizer@6f61bc7b, org.springframework.boot.test.autoconfigure.properties.PropertyMappingContextCustomizer@0, org.springframework.boot.test.autoconfigure.web.servlet.WebDriverContextCustomizerFactory$Customizer@57e0c14, org.springframework.boot.test.context.filter.ExcludeFilterContextCustomizer@34ec034f, org.springframework.boot.test.json.DuplicateJsonObjectContextCustomizerFactory$DuplicateJsonObjectContextCustomizer@298939e4, org.springframework.boot.test.mock.mockito.MockitoContextCustomizer@0, org.springframework.boot.test.web.client.TestRestTemplateContextCustomizer@32f75dab, org.springframework.boot.test.context.SpringBootTestArgs@1, org.springframework.boot.test.context.SpringBootTestWebEnvironment@3d3be401], contextLoader = 'org.springframework.boot.test.context.SpringBootContextLoader', parent = [null]], attributes = map['org.springframework.test.context.event.ApplicationEventsTestExecutionListener.recordApplicationEvents' -> false]]].
12:41:07.094 [Test worker] DEBUG org.springframework.test.context.support.TestPropertySourceUtils - Adding inlined properties to environment: {spring.jmx.enabled=false, org.springframework.boot.test.context.SpringBootTestContextBootstrapper=true}

  .   ____          _            __ _ _
 /\\ / ___'_ __ _ _(_)_ __  __ _ \ \ \ \
( ( )\___ | '_ | '_| | '_ \/ _` | \ \ \ \
 \\/  ___)| |_)| | | | | || (_| |  ) ) ) )
  '  |____| .__|_| |_|_| |_\__, | / / / /
 =========|_|==============|___/=/_/_/_/
 :: Spring Boot ::                (v2.4.5)

2024-04-06 12:41:07.801  INFO 17252 --- [    Test worker] org.example.lab12ApplicationTests        : Starting lab12ApplicationTests using Java 15.0.10 on DESKTOP-27KM2S3 with PID 17252 (started by Asus in C:\Users\Asus\IdeaProjects\lab12)
2024-04-06 12:41:07.808  INFO 17252 --- [    Test worker] org.example.lab12ApplicationTests        : No active profile set, falling back to default profiles: default
2024-04-06 12:41:08.778  INFO 17252 --- [    Test worker] org.example.components.FileReader        : Hash has been written to hash.txt
2024-04-06 12:41:09.008  INFO 17252 --- [    Test worker] org.example.lab12ApplicationTests        : Started lab12ApplicationTests in 1.908 seconds (JVM running for 5.23)
]]></system-out>
  <system-err><![CDATA[]]></system-err>
</testsuite>
