<?xml version="1.0" encoding="UTF-8"?>
<testsuite name="ru.mirea.ikbo20.task11.Task11ApplicationTests" tests="1" skipped="0" failures="0" errors="0" timestamp="2024-03-28T07:59:00" hostname="DESKTOP-3V2CUMC" time="0.004">
  <properties/>
  <testcase name="contextLoads()" classname="ru.mirea.ikbo20.task11.Task11ApplicationTests" time="0.004"/>
  <system-out><![CDATA[2024-03-28 10:58:59.284  INFO 14796 --- [    Test worker] .b.t.c.SpringBootTestContextBootstrapper : Neither @ContextConfiguration nor @ContextHierarchy found for test class [ru.mirea.ikbo20.task11.Task11ApplicationTests], using SpringBootContextLoader
2024-03-28 10:58:59.286  INFO 14796 --- [    Test worker] o.s.t.c.support.AbstractContextLoader    : Could not detect default resource locations for test class [ru.mirea.ikbo20.task11.Task11ApplicationTests]: no resource found for suffixes {-context.xml, Context.groovy}.
2024-03-28 10:58:59.286  INFO 14796 --- [    Test worker] t.c.s.AnnotationConfigContextLoaderUtils : Could not detect default configuration classes for test class [ru.mirea.ikbo20.task11.Task11ApplicationTests]: Task11ApplicationTests does not declare any static, non-private, non-final, nested classes annotated with @Configuration.
2024-03-28 10:58:59.294  INFO 14796 --- [    Test worker] .b.t.c.SpringBootTestContextBootstrapper : Found @SpringBootConfiguration ru.mirea.ikbo20.task11.Task11Application for test class ru.mirea.ikbo20.task11.Task11ApplicationTests
2024-03-28 10:58:59.296  INFO 14796 --- [    Test worker] .b.t.c.SpringBootTestContextBootstrapper : Loaded default TestExecutionListener class names from location [META-INF/spring.factories]: [org.springframework.boot.test.autoconfigure.restdocs.RestDocsTestExecutionListener, org.springframework.boot.test.autoconfigure.web.client.MockRestServiceServerResetTestExecutionListener, org.springframework.boot.test.autoconfigure.web.servlet.MockMvcPrintOnlyOnFailureTestExecutionListener, org.springframework.boot.test.autoconfigure.web.servlet.WebDriverTestExecutionListener, org.springframework.boot.test.autoconfigure.webservices.client.MockWebServiceServerTestExecutionListener, org.springframework.boot.test.mock.mockito.MockitoTestExecutionListener, org.springframework.boot.test.mock.mockito.ResetMocksTestExecutionListener, org.springframework.test.context.web.ServletTestExecutionListener, org.springframework.test.context.support.DirtiesContextBeforeModesTestExecutionListener, org.springframework.test.context.event.ApplicationEventsTestExecutionListener, org.springframework.test.context.support.DependencyInjectionTestExecutionListener, org.springframework.test.context.support.DirtiesContextTestExecutionListener, org.springframework.test.context.transaction.TransactionalTestExecutionListener, org.springframework.test.context.jdbc.SqlScriptsTestExecutionListener, org.springframework.test.context.event.EventPublishingTestExecutionListener]
2024-03-28 10:58:59.298  INFO 14796 --- [    Test worker] .b.t.c.SpringBootTestContextBootstrapper : Using TestExecutionListeners: [org.springframework.test.context.web.ServletTestExecutionListener@2fc7fa6e, org.springframework.test.context.support.DirtiesContextBeforeModesTestExecutionListener@7f8c48f3, org.springframework.test.context.event.ApplicationEventsTestExecutionListener@273dec10, org.springframework.boot.test.mock.mockito.MockitoTestExecutionListener@6cceb281, org.springframework.boot.test.autoconfigure.SpringBootDependencyInjectionTestExecutionListener@7cca31fc, org.springframework.test.context.support.DirtiesContextTestExecutionListener@619c3546, org.springframework.test.context.event.EventPublishingTestExecutionListener@29090809, org.springframework.boot.test.autoconfigure.restdocs.RestDocsTestExecutionListener@30cafd13, org.springframework.boot.test.autoconfigure.web.client.MockRestServiceServerResetTestExecutionListener@1d226f27, org.springframework.boot.test.autoconfigure.web.servlet.MockMvcPrintOnlyOnFailureTestExecutionListener@1d944fc0, org.springframework.boot.test.autoconfigure.web.servlet.WebDriverTestExecutionListener@7c3c453b, org.springframework.boot.test.autoconfigure.webservices.client.MockWebServiceServerTestExecutionListener@1b791dca, org.springframework.boot.test.mock.mockito.ResetMocksTestExecutionListener@15ac02d5]

  .   ____          _            __ _ _
 /\\ / ___'_ __ _ _(_)_ __  __ _ \ \ \ \
( ( )\___ | '_ | '_| | '_ \/ _` | \ \ \ \
 \\/  ___)| |_)| | | | | || (_| |  ) ) ) )
  '  |____| .__|_| |_|_| |_\__, | / / / /
 =========|_|==============|___/=/_/_/_/
 :: Spring Boot ::                (v2.4.5)

2024-03-28 10:58:59.325  INFO 14796 --- [    Test worker] r.m.i.task11.Task11ApplicationTests      : Starting Task11ApplicationTests using Java 21 on DESKTOP-3V2CUMC with PID 14796 (started by Alena in C:\Users\Alena\IdeaProjects\task11)
2024-03-28 10:58:59.326  INFO 14796 --- [    Test worker] r.m.i.task11.Task11ApplicationTests      : No active profile set, falling back to default profiles: default
2024-03-28 10:59:00.081  INFO 14796 --- [    Test worker] o.s.s.concurrent.ThreadPoolTaskExecutor  : Initializing ExecutorService 'applicationTaskExecutor'
2024-03-28 10:59:00.611  INFO 14796 --- [    Test worker] o.s.b.a.e.web.EndpointLinksResolver      : Exposing 14 endpoint(s) beneath base path '/actuator'
2024-03-28 10:59:00.665  INFO 14796 --- [    Test worker] r.m.i.task11.Task11ApplicationTests      : Started Task11ApplicationTests in 1.364 seconds (JVM running for 7.68)
]]></system-out>
  <system-err><![CDATA[]]></system-err>
</testsuite>
