<?xml version="1.0" encoding="UTF-8"?>
<testsuite name="com.example.task11.Task11ApplicationTests" tests="1" skipped="0" failures="0" errors="0" timestamp="2024-03-28T07:58:58" hostname="DESKTOP-3V2CUMC" time="0.468">
  <properties/>
  <testcase name="contextLoads()" classname="com.example.task11.Task11ApplicationTests" time="0.468"/>
  <system-out><![CDATA[10:58:54.247 [Test worker] DEBUG org.springframework.test.context.BootstrapUtils - Instantiating CacheAwareContextLoaderDelegate from class [org.springframework.test.context.cache.DefaultCacheAwareContextLoaderDelegate]
10:58:54.266 [Test worker] DEBUG org.springframework.test.context.BootstrapUtils - Instantiating BootstrapContext using constructor [public org.springframework.test.context.support.DefaultBootstrapContext(java.lang.Class,org.springframework.test.context.CacheAwareContextLoaderDelegate)]
10:58:54.312 [Test worker] DEBUG org.springframework.test.context.BootstrapUtils - Instantiating TestContextBootstrapper for test class [com.example.task11.Task11ApplicationTests] from class [org.springframework.boot.test.context.SpringBootTestContextBootstrapper]
10:58:54.326 [Test worker] INFO org.springframework.boot.test.context.SpringBootTestContextBootstrapper - Neither @ContextConfiguration nor @ContextHierarchy found for test class [com.example.task11.Task11ApplicationTests], using SpringBootContextLoader
10:58:54.331 [Test worker] DEBUG org.springframework.test.context.support.AbstractContextLoader - Did not detect default resource location for test class [com.example.task11.Task11ApplicationTests]: class path resource [com/example/task11/Task11ApplicationTests-context.xml] does not exist
10:58:54.332 [Test worker] DEBUG org.springframework.test.context.support.AbstractContextLoader - Did not detect default resource location for test class [com.example.task11.Task11ApplicationTests]: class path resource [com/example/task11/Task11ApplicationTestsContext.groovy] does not exist
10:58:54.332 [Test worker] INFO org.springframework.test.context.support.AbstractContextLoader - Could not detect default resource locations for test class [com.example.task11.Task11ApplicationTests]: no resource found for suffixes {-context.xml, Context.groovy}.
10:58:54.333 [Test worker] INFO org.springframework.test.context.support.AnnotationConfigContextLoaderUtils - Could not detect default configuration classes for test class [com.example.task11.Task11ApplicationTests]: Task11ApplicationTests does not declare any static, non-private, non-final, nested classes annotated with @Configuration.
10:58:54.402 [Test worker] DEBUG org.springframework.test.context.support.ActiveProfilesUtils - Could not find an 'annotation declaring class' for annotation type [org.springframework.test.context.ActiveProfiles] and class [com.example.task11.Task11ApplicationTests]
10:58:54.499 [Test worker] DEBUG org.springframework.context.annotation.ClassPathScanningCandidateComponentProvider - Identified candidate component class: file [C:\Users\Alena\IdeaProjects\task11\build\classes\java\main\com\example\task11\Task11Application.class]
10:58:54.501 [Test worker] INFO org.springframework.boot.test.context.SpringBootTestContextBootstrapper - Found @SpringBootConfiguration com.example.task11.Task11Application for test class com.example.task11.Task11ApplicationTests
10:58:54.620 [Test worker] DEBUG org.springframework.boot.test.context.SpringBootTestContextBootstrapper - @TestExecutionListeners is not present for class [com.example.task11.Task11ApplicationTests]: using defaults.
10:58:54.621 [Test worker] INFO org.springframework.boot.test.context.SpringBootTestContextBootstrapper - Loaded default TestExecutionListener class names from location [META-INF/spring.factories]: [org.springframework.boot.test.autoconfigure.restdocs.RestDocsTestExecutionListener, org.springframework.boot.test.autoconfigure.web.client.MockRestServiceServerResetTestExecutionListener, org.springframework.boot.test.autoconfigure.web.servlet.MockMvcPrintOnlyOnFailureTestExecutionListener, org.springframework.boot.test.autoconfigure.web.servlet.WebDriverTestExecutionListener, org.springframework.boot.test.autoconfigure.webservices.client.MockWebServiceServerTestExecutionListener, org.springframework.boot.test.mock.mockito.MockitoTestExecutionListener, org.springframework.boot.test.mock.mockito.ResetMocksTestExecutionListener, org.springframework.test.context.web.ServletTestExecutionListener, org.springframework.test.context.support.DirtiesContextBeforeModesTestExecutionListener, org.springframework.test.context.event.ApplicationEventsTestExecutionListener, org.springframework.test.context.support.DependencyInjectionTestExecutionListener, org.springframework.test.context.support.DirtiesContextTestExecutionListener, org.springframework.test.context.transaction.TransactionalTestExecutionListener, org.springframework.test.context.jdbc.SqlScriptsTestExecutionListener, org.springframework.test.context.event.EventPublishingTestExecutionListener]
10:58:54.636 [Test worker] DEBUG org.springframework.boot.test.context.SpringBootTestContextBootstrapper - Skipping candidate TestExecutionListener [org.springframework.test.context.transaction.TransactionalTestExecutionListener] due to a missing dependency. Specify custom listener classes or make the default listener classes and their required dependencies available. Offending class: [org/springframework/transaction/interceptor/TransactionAttributeSource]
10:58:54.637 [Test worker] DEBUG org.springframework.boot.test.context.SpringBootTestContextBootstrapper - Skipping candidate TestExecutionListener [org.springframework.test.context.jdbc.SqlScriptsTestExecutionListener] due to a missing dependency. Specify custom listener classes or make the default listener classes and their required dependencies available. Offending class: [org/springframework/transaction/interceptor/TransactionAttribute]
10:58:54.638 [Test worker] INFO org.springframework.boot.test.context.SpringBootTestContextBootstrapper - Using TestExecutionListeners: [org.springframework.test.context.web.ServletTestExecutionListener@4bf3798b, org.springframework.test.context.support.DirtiesContextBeforeModesTestExecutionListener@58670130, org.springframework.test.context.event.ApplicationEventsTestExecutionListener@74e47444, org.springframework.boot.test.mock.mockito.MockitoTestExecutionListener@9bd0fa6, org.springframework.boot.test.autoconfigure.SpringBootDependencyInjectionTestExecutionListener@59d2103b, org.springframework.test.context.support.DirtiesContextTestExecutionListener@39dcf4b0, org.springframework.test.context.event.EventPublishingTestExecutionListener@6e4de19b, org.springframework.boot.test.autoconfigure.restdocs.RestDocsTestExecutionListener@f6c03cb, org.springframework.boot.test.autoconfigure.web.client.MockRestServiceServerResetTestExecutionListener@46f699d5, org.springframework.boot.test.autoconfigure.web.servlet.MockMvcPrintOnlyOnFailureTestExecutionListener@18518ccf, org.springframework.boot.test.autoconfigure.web.servlet.WebDriverTestExecutionListener@1991f767, org.springframework.boot.test.autoconfigure.webservices.client.MockWebServiceServerTestExecutionListener@768ccdc5, org.springframework.boot.test.mock.mockito.ResetMocksTestExecutionListener@4c6daf0]
10:58:54.643 [Test worker] DEBUG org.springframework.test.context.support.AbstractDirtiesContextTestExecutionListener - Before test class: context [DefaultTestContext@7a48e6e2 testClass = Task11ApplicationTests, testInstance = [null], testMethod = [null], testException = [null], mergedContextConfiguration = [WebMergedContextConfiguration@b40bb6e testClass = Task11ApplicationTests, locations = '{}', classes = '{class com.example.task11.Task11Application}', contextInitializerClasses = '[]', activeProfiles = '{}', propertySourceLocations = '{}', propertySourceProperties = '{org.springframework.boot.test.context.SpringBootTestContextBootstrapper=true}', contextCustomizers = set[org.springframework.boot.test.autoconfigure.actuate.metrics.MetricsExportContextCustomizerFactory$DisableMetricExportContextCustomizer@1f010bf0, org.springframework.boot.test.autoconfigure.properties.PropertyMappingContextCustomizer@0, org.springframework.boot.test.autoconfigure.web.servlet.WebDriverContextCustomizerFactory$Customizer@2a62b5bc, org.springframework.boot.test.context.filter.ExcludeFilterContextCustomizer@4ce1d6d0, org.springframework.boot.test.json.DuplicateJsonObjectContextCustomizerFactory$DuplicateJsonObjectContextCustomizer@1fde5d22, org.springframework.boot.test.mock.mockito.MockitoContextCustomizer@0, org.springframework.boot.test.web.client.TestRestTemplateContextCustomizer@dbd8e44, org.springframework.boot.test.context.SpringBootTestArgs@1, org.springframework.boot.test.context.SpringBootTestWebEnvironment@2a54a73f], resourceBasePath = 'src/main/webapp', contextLoader = 'org.springframework.boot.test.context.SpringBootContextLoader', parent = [null]], attributes = map['org.springframework.test.context.web.ServletTestExecutionListener.activateListener' -> true]], class annotated with @DirtiesContext [false] with mode [null].
10:58:54.683 [Test worker] DEBUG org.springframework.test.context.support.TestPropertySourceUtils - Adding inlined properties to environment: {spring.jmx.enabled=false, org.springframework.boot.test.context.SpringBootTestContextBootstrapper=true}

  .   ____          _            __ _ _
 /\\ / ___'_ __ _ _(_)_ __  __ _ \ \ \ \
( ( )\___ | '_ | '_| | '_ \/ _` | \ \ \ \
 \\/  ___)| |_)| | | | | || (_| |  ) ) ) )
  '  |____| .__|_| |_|_| |_\__, | / / / /
 =========|_|==============|___/=/_/_/_/
 :: Spring Boot ::                (v2.4.5)

2024-03-28 10:58:55.161  INFO 14796 --- [    Test worker] c.example.task11.Task11ApplicationTests  : Starting Task11ApplicationTests using Java 21 on DESKTOP-3V2CUMC with PID 14796 (started by Alena in C:\Users\Alena\IdeaProjects\task11)
2024-03-28 10:58:55.166  INFO 14796 --- [    Test worker] c.example.task11.Task11ApplicationTests  : No active profile set, falling back to default profiles: default
2024-03-28 10:58:57.486  INFO 14796 --- [    Test worker] o.s.s.concurrent.ThreadPoolTaskExecutor  : Initializing ExecutorService 'applicationTaskExecutor'
2024-03-28 10:58:58.351  INFO 14796 --- [    Test worker] o.s.b.a.e.web.EndpointLinksResolver      : Exposing 14 endpoint(s) beneath base path '/actuator'
2024-03-28 10:58:58.487  INFO 14796 --- [    Test worker] c.example.task11.Task11ApplicationTests  : Started Task11ApplicationTests in 3.795 seconds (JVM running for 5.502)
]]></system-out>
  <system-err><![CDATA[]]></system-err>
</testsuite>
